TN:
SF:calculator.js
FN:18,add
FN:22,subtract
FN:26,multiply
FN:37,divide
FN:44,askOperation
FN:45,(anonymous_5)
FN:54,askNumbers
FN:55,(anonymous_7)
FN:56,(anonymous_8)
FN:90,askContinue
FN:91,(anonymous_10)
FNF:11
FNH:3
FNDA:2,add
FNDA:1,subtract
FNDA:0,multiply
FNDA:0,divide
FNDA:1,askOperation
FNDA:0,(anonymous_5)
FNDA:0,askNumbers
FNDA:0,(anonymous_7)
FNDA:0,(anonymous_8)
FNDA:0,askContinue
FNDA:0,(anonymous_10)
DA:1,1
DA:3,1
DA:8,1
DA:15,1
DA:16,1
DA:19,2
DA:23,1
DA:27,0
DA:30,1
DA:38,0
DA:39,0
DA:41,0
DA:45,1
DA:46,0
DA:47,0
DA:48,0
DA:50,0
DA:55,0
DA:56,0
DA:57,0
DA:58,0
DA:59,0
DA:60,0
DA:61,0
DA:65,0
DA:66,0
DA:68,0
DA:69,0
DA:71,0
DA:72,0
DA:74,0
DA:75,0
DA:77,0
DA:78,0
DA:80,0
DA:82,0
DA:85,0
DA:91,0
DA:92,0
DA:94,0
DA:96,0
DA:97,0
DA:102,1
LF:43
LH:10
BRDA:38,0,0,0
BRDA:38,0,1,0
BRDA:46,1,0,0
BRDA:46,1,1,0
BRDA:59,2,0,0
BRDA:59,2,1,0
BRDA:59,3,0,0
BRDA:59,3,1,0
BRDA:66,4,0,0
BRDA:66,4,1,0
BRDA:66,4,2,0
BRDA:66,4,3,0
BRDA:92,5,0,0
BRDA:92,5,1,0
BRF:14
BRH:0
end_of_record
